<?xml version="1.0" encoding="UTF-8"?>
<!-- Generated by org.testng.reporters.JUnitReportReporter -->
<testsuite skipped="0" hostname="DESKTOP-LBGB20Q" name="tests.Sanity" tests="4" failures="0" timestamp="2021-03-16T17:11:11 IST" time="24.699" errors="0">
  <testcase name="goToRegister" time="13.737" classname="tests.Sanity"/>
  <system-out/>
  <testcase name="selectAccountTypeIM" time="9.440" classname="tests.Sanity"/>
  <system-out/>
  <testcase name="selectAccountTypeLookingTo" time="0.926" classname="tests.Sanity"/>
  <system-out/>
  <testcase name="verifyURL" time="0.596" classname="tests.Sanity"/>
  <system-out/>
</testsuite> <!-- tests.Sanity -->
