<?xml version="1.0" encoding="UTF-8"?>
<!-- Generated by org.testng.reporters.JUnitReportReporter -->
<testsuite skipped="0" hostname="DESKTOP-LBGB20Q" name="tests.Sanity" tests="4" failures="0" timestamp="2021-03-16T17:00:54 IST" time="24.290" errors="0">
  <testcase name="goToRegister" time="19.300" classname="tests.Sanity"/>
  <system-out/>
  <testcase name="selectAccountTypeIM" time="3.434" classname="tests.Sanity"/>
  <system-out/>
  <testcase name="selectAccountTypeLookingTo" time="0.951" classname="tests.Sanity"/>
  <system-out/>
  <testcase name="verifyURL" time="0.605" classname="tests.Sanity"/>
  <system-out/>
</testsuite> <!-- tests.Sanity -->
